09:20 Введение
11:00 Упражнения
11:15 Перерыв
11:35 Скаляры
12:30 Обеденный перерыв
13:30 Упражнения
14:10 Решения
14:30 Перерыв
14:40 Массивы
15:40 Упражнения
17:00 Решения
17:30 Конец

09:00 Циклы
11:00 Упражнения
11:30 Перерыв
11:40 Решения
12:30 Обеденный перерыв
13:30 Условный оператор
14:30 Решения
14:50 Перерыв
15:00 Строки
15:50 Упражнения
16:40 Решения
17:10 Конец

09:50 ООП
11:10 Упражнения
11:30 Перерыв
11:40 Наследование
12:30 Обеденный перерыв
13:30 Полиморфизм
14:10 Решения
14:50 Перерыв
15:00 Дженерики
16:00 Упражнения
16:30 Решения
17:00 Конец

10:00 Решения
10:40 Коллекции
11:30 Перерыв
11:40 Упражнения
12:30 Обеденный перерыв
13:30 Решения
14:00 Исключения
15:00 Перерыв
15:10 Многопоточность
17:30 Упражнения
18:00 Решения
18:30 Конец